app/build/intermediates/manifest_merge_blame_file/debug/manifest-merger-blame-debug-report.txt
1<?xml version="1.0" encoding="utf-8"?>
2<manifest xmlns:android="http://schemas.android.com/apk/res/android"
3    package="com.ahmadrafli.fintechresponsi"
4    android:versionCode="1"
5    android:versionName="1.0" >
6
7    <uses-sdk
8        android:minSdkVersion="21"
8-->src\main\AndroidManifest.xml
9        android:targetSdkVersion="30" />
9-->src\main\AndroidManifest.xml
10
11    <uses-permission android:name="android.permission.CAMERA" /> <!-- Don't require camera, as this requires a rear camera. This allows it to work on the Nexus 7 -->
11-->[com.journeyapps:zxing-android-embedded:3.2.0] AndroidManifest.xml:21:5-65
11-->[com.journeyapps:zxing-android-embedded:3.2.0] AndroidManifest.xml:21:22-62
12    <uses-feature
12-->[com.journeyapps:zxing-android-embedded:3.2.0] AndroidManifest.xml:24:5-26:36
13        android:name="android.hardware.camera"
13-->[com.journeyapps:zxing-android-embedded:3.2.0] AndroidManifest.xml:25:9-47
14        android:required="false" />
14-->[com.journeyapps:zxing-android-embedded:3.2.0] AndroidManifest.xml:26:9-33
15    <uses-feature
15-->[com.journeyapps:zxing-android-embedded:3.2.0] AndroidManifest.xml:27:5-29:36
16        android:name="android.hardware.camera.front"
16-->[com.journeyapps:zxing-android-embedded:3.2.0] AndroidManifest.xml:28:9-53
17        android:required="false" /> <!-- TODO replace above two with next line after Android 4.2 -->
17-->[com.journeyapps:zxing-android-embedded:3.2.0] AndroidManifest.xml:29:9-33
18    <!-- <uses-feature android:name="android.hardware.camera.any"/> -->
19    <uses-feature
19-->[com.journeyapps:zxing-android-embedded:3.2.0] AndroidManifest.xml:32:5-34:36
20        android:name="android.hardware.camera.autofocus"
20-->[com.journeyapps:zxing-android-embedded:3.2.0] AndroidManifest.xml:33:9-57
21        android:required="false" />
21-->[com.journeyapps:zxing-android-embedded:3.2.0] AndroidManifest.xml:34:9-33
22    <uses-feature
22-->[com.journeyapps:zxing-android-embedded:3.2.0] AndroidManifest.xml:35:5-37:36
23        android:name="android.hardware.camera.flash"
23-->[com.journeyapps:zxing-android-embedded:3.2.0] AndroidManifest.xml:36:9-53
24        android:required="false" />
24-->[com.journeyapps:zxing-android-embedded:3.2.0] AndroidManifest.xml:37:9-33
25    <uses-feature
25-->[com.journeyapps:zxing-android-embedded:3.2.0] AndroidManifest.xml:38:5-40:36
26        android:name="android.hardware.screen.landscape"
26-->[com.journeyapps:zxing-android-embedded:3.2.0] AndroidManifest.xml:39:9-57
27        android:required="false" />
27-->[com.journeyapps:zxing-android-embedded:3.2.0] AndroidManifest.xml:40:9-33
28    <uses-feature
28-->[com.journeyapps:zxing-android-embedded:3.2.0] AndroidManifest.xml:41:5-43:36
29        android:name="android.hardware.wifi"
29-->[com.journeyapps:zxing-android-embedded:3.2.0] AndroidManifest.xml:42:9-45
30        android:required="false" />
30-->[com.journeyapps:zxing-android-embedded:3.2.0] AndroidManifest.xml:43:9-33
31
32    <application
32-->src\main\AndroidManifest.xml:6:5-48:19
33        android:allowBackup="true"
33-->src\main\AndroidManifest.xml:7:9-35
34        android:appComponentFactory="androidx.core.app.CoreComponentFactory"
34-->[androidx.core:core:1.5.0] AndroidManifest.xml:24:18-86
35        android:debuggable="true"
36        android:icon="@mipmap/ic_icon"
36-->src\main\AndroidManifest.xml:8:9-39
37        android:label="@string/app_name"
37-->src\main\AndroidManifest.xml:9:9-41
38        android:roundIcon="@mipmap/ic_icon_round"
38-->src\main\AndroidManifest.xml:10:9-50
39        android:supportsRtl="true"
39-->src\main\AndroidManifest.xml:11:9-35
40        android:theme="@style/AppTheme" >
40-->src\main\AndroidManifest.xml:12:9-40
41        <activity android:name="com.ahmadrafli.fintechresponsi.MenuTampilan.InputKodeActivity" />
41-->src\main\AndroidManifest.xml:13:9-107
41-->src\main\AndroidManifest.xml:13:19-95
42        <activity android:name="com.ahmadrafli.fintechresponsi.MenuTampilan.PaymentActivity" />
42-->src\main\AndroidManifest.xml:14:9-96
42-->src\main\AndroidManifest.xml:14:19-93
43        <activity android:name="com.ahmadrafli.fintechresponsi.MenuTampilan.HistoryActivity" />
43-->src\main\AndroidManifest.xml:15:9-96
43-->src\main\AndroidManifest.xml:15:19-93
44        <activity android:name="com.ahmadrafli.fintechresponsi.MenuTampilan.AccountActivity" />
44-->src\main\AndroidManifest.xml:16:9-96
44-->src\main\AndroidManifest.xml:16:19-93
45        <activity
45-->src\main\AndroidManifest.xml:17:9-25:20
46            android:name="com.ahmadrafli.fintechresponsi.SplashScreen"
46-->src\main\AndroidManifest.xml:18:13-71
47            android:configChanges="orientation|keyboardHidden|screenSize" >
47-->src\main\AndroidManifest.xml:19:13-74
48            <intent-filter>
48-->src\main\AndroidManifest.xml:20:13-24:29
49                <action android:name="android.intent.action.MAIN" />
49-->src\main\AndroidManifest.xml:21:17-69
49-->src\main\AndroidManifest.xml:21:25-66
50
51                <category android:name="android.intent.category.LAUNCHER" />
51-->src\main\AndroidManifest.xml:23:17-77
51-->src\main\AndroidManifest.xml:23:27-74
52            </intent-filter>
53        </activity>
54        <activity
54-->src\main\AndroidManifest.xml:26:9-35:20
55            android:name="com.ahmadrafli.fintechresponsi.Authentication.LoginActivity"
55-->src\main\AndroidManifest.xml:27:13-87
56            android:label="@string/app_name"
56-->src\main\AndroidManifest.xml:28:13-45
57            android:theme="@style/AppTheme" >
57-->src\main\AndroidManifest.xml:29:13-44
58            <intent-filter>
58-->src\main\AndroidManifest.xml:30:13-34:29
59                <action android:name="android.intent.action.MAIN" />
59-->src\main\AndroidManifest.xml:21:17-69
59-->src\main\AndroidManifest.xml:21:25-66
60
61                <category android:name="android.intent.category.DEFAULT" />
61-->src\main\AndroidManifest.xml:33:17-76
61-->src\main\AndroidManifest.xml:33:27-73
62            </intent-filter>
63        </activity>
64        <activity
64-->src\main\AndroidManifest.xml:36:9-39:47
65            android:name="com.ahmadrafli.fintechresponsi.Authentication.RegisterActivity"
65-->src\main\AndroidManifest.xml:37:13-90
66            android:label="@string/app_name"
66-->src\main\AndroidManifest.xml:38:13-45
67            android:theme="@style/AppTheme" />
67-->src\main\AndroidManifest.xml:39:13-44
68        <activity
68-->src\main\AndroidManifest.xml:40:9-43:47
69            android:name="com.ahmadrafli.fintechresponsi.Authentication.ForgetActivity"
69-->src\main\AndroidManifest.xml:41:13-88
70            android:label="FORGET"
70-->src\main\AndroidManifest.xml:42:13-35
71            android:theme="@style/AppTheme" />
71-->src\main\AndroidManifest.xml:43:13-44
72        <activity
72-->src\main\AndroidManifest.xml:44:9-47:65
73            android:name="com.ahmadrafli.fintechresponsi.MainActivity"
73-->src\main\AndroidManifest.xml:45:13-71
74            android:label="Homeskrin"
74-->src\main\AndroidManifest.xml:46:13-38
75            android:theme="@style/Theme.RafliFintechResponsi" />
75-->src\main\AndroidManifest.xml:47:13-62
76        <activity
76-->[com.journeyapps:zxing-android-embedded:3.2.0] AndroidManifest.xml:46:9-52:63
77            android:name="com.journeyapps.barcodescanner.CaptureActivity"
77-->[com.journeyapps:zxing-android-embedded:3.2.0] AndroidManifest.xml:47:13-74
78            android:clearTaskOnLaunch="true"
78-->[com.journeyapps:zxing-android-embedded:3.2.0] AndroidManifest.xml:48:13-45
79            android:screenOrientation="sensorLandscape"
79-->[com.journeyapps:zxing-android-embedded:3.2.0] AndroidManifest.xml:49:13-56
80            android:stateNotNeeded="true"
80-->[com.journeyapps:zxing-android-embedded:3.2.0] AndroidManifest.xml:50:13-42
81            android:theme="@style/zxing_CaptureTheme"
81-->[com.journeyapps:zxing-android-embedded:3.2.0] AndroidManifest.xml:51:13-54
82            android:windowSoftInputMode="stateAlwaysHidden" />
82-->[com.journeyapps:zxing-android-embedded:3.2.0] AndroidManifest.xml:52:13-60
83    </application>
84
85</manifest>